0 info it worked if it ends with ok
1 verbose cli [ '/usr/bin/node', '/usr/bin/npm', 'start' ]
2 info using npm@3.5.2
3 info using node@v8.10.0
4 verbose config Skipping project config: /home/panigrahi/.npmrc. (matches userconfig)
5 verbose stack Error: missing script: start
5 verbose stack     at run (/usr/share/npm/lib/run-script.js:147:19)
5 verbose stack     at /usr/share/npm/lib/run-script.js:57:5
5 verbose stack     at /usr/share/npm/node_modules/read-package-json/read-json.js:345:5
5 verbose stack     at checkBinReferences_ (/usr/share/npm/node_modules/read-package-json/read-json.js:309:45)
5 verbose stack     at final (/usr/share/npm/node_modules/read-package-json/read-json.js:343:3)
5 verbose stack     at then (/usr/share/npm/node_modules/read-package-json/read-json.js:113:5)
5 verbose stack     at ReadFileContext.<anonymous> (/usr/share/npm/node_modules/read-package-json/read-json.js:284:20)
5 verbose stack     at ReadFileContext.callback (/usr/share/npm/node_modules/graceful-fs/graceful-fs.js:76:16)
5 verbose stack     at FSReqWrap.readFileAfterOpen [as oncomplete] (fs.js:420:13)
6 verbose cwd /home/panigrahi/rxjsActorFramework
7 error Linux 4.15.0-36-generic
8 error argv "/usr/bin/node" "/usr/bin/npm" "start"
9 error node v8.10.0
10 error npm  v3.5.2
11 error missing script: start
12 error If you need help, you may report this error at:
12 error     <https://github.com/npm/npm/issues>
13 verbose exit [ 1, true ]
